2022-07-26 22:05:02,465 - root - INFO - Found Element with text: 
2022-07-26 22:05:02,507 - root - INFO - Found Elements with text: ['']
2022-07-26 22:05:02,583 - root - INFO - Found Element with text: 
2022-07-26 22:05:02,628 - root - INFO - Found Elements with text: ['']
2022-07-26 22:05:02,660 - root - INFO - Found Element with text: 
2022-07-26 22:05:02,695 - root - INFO - Found Elements with text: ['']
2022-07-26 22:05:02,839 - root - INFO - Found Element with text: 
2022-07-26 22:05:02,858 - root - INFO - Found Element with text: 
2022-07-26 22:05:02,888 - root - INFO - Found Elements with text: ['']
2022-07-26 22:05:02,918 - root - INFO - Found Elements with text: ['']
2022-07-26 22:05:03,065 - root - INFO - Found Element with text: 
2022-07-26 22:05:03,112 - root - INFO - Found Elements with text: ['']
2022-07-26 22:05:05,740 - root - INFO - logged in
2022-07-26 22:05:06,422 - root - INFO - logged in
2022-07-26 22:05:26,468 - root - ERROR - Failed to find element
Traceback (most recent call last):
  File "C:\Users\T.Ntandika\PycharmProjects\thgcc\pages\base_element.py", line 19, in find
    element = WebDriverWait(self.driver, 10).until(
  File "C:\Users\T.Ntandika\PycharmProjects\thgcc\env\lib\site-packages\selenium\webdriver\support\wait.py", line 90, in until
    raise TimeoutException(message, screen, stacktrace)
selenium.common.exceptions.TimeoutException: Message: 
Stacktrace:
Backtrace:
	Ordinal0 [0x00BC56B3+2184883]
	Ordinal0 [0x00B5E5F1+1762801]
	Ordinal0 [0x00A73DA8+802216]
	Ordinal0 [0x00AA1B40+990016]
	Ordinal0 [0x00AA1DDB+990683]
	Ordinal0 [0x00ACEC32+1174578]
	Ordinal0 [0x00ABCB54+1100628]
	Ordinal0 [0x00ACCF52+1167186]
	Ordinal0 [0x00ABC926+1100070]
	Ordinal0 [0x00A96EA0+945824]
	Ordinal0 [0x00A97D96+949654]
	GetHandleVerifier [0x00E64192+2704034]
	GetHandleVerifier [0x00E5687D+2648461]
	GetHandleVerifier [0x00C5119A+529066]
	GetHandleVerifier [0x00C50006+524566]
	Ordinal0 [0x00B64F2B+1789739]
	Ordinal0 [0x00B69978+1808760]
	Ordinal0 [0x00B69A65+1808997]
	Ordinal0 [0x00B72A01+1845761]
	BaseThreadInitThunk [0x75CDFA29+25]
	RtlGetAppContainerNamedObjectPath [0x77457A9E+286]
	RtlGetAppContainerNamedObjectPath [0x77457A6E+238]

2022-07-26 22:05:26,696 - root - ERROR - Failed to find element
Traceback (most recent call last):
  File "C:\Users\T.Ntandika\PycharmProjects\thgcc\pages\base_element.py", line 19, in find
    element = WebDriverWait(self.driver, 10).until(
  File "C:\Users\T.Ntandika\PycharmProjects\thgcc\env\lib\site-packages\selenium\webdriver\support\wait.py", line 90, in until
    raise TimeoutException(message, screen, stacktrace)
selenium.common.exceptions.TimeoutException: Message: 
Stacktrace:
Backtrace:
	Ordinal0 [0x00BC56B3+2184883]
	Ordinal0 [0x00B5E5F1+1762801]
	Ordinal0 [0x00A73DA8+802216]
	Ordinal0 [0x00AA1B40+990016]
	Ordinal0 [0x00AA1DDB+990683]
	Ordinal0 [0x00ACEC32+1174578]
	Ordinal0 [0x00ABCB54+1100628]
	Ordinal0 [0x00ACCF52+1167186]
	Ordinal0 [0x00ABC926+1100070]
	Ordinal0 [0x00A96EA0+945824]
	Ordinal0 [0x00A97D96+949654]
	GetHandleVerifier [0x00E64192+2704034]
	GetHandleVerifier [0x00E5687D+2648461]
	GetHandleVerifier [0x00C5119A+529066]
	GetHandleVerifier [0x00C50006+524566]
	Ordinal0 [0x00B64F2B+1789739]
	Ordinal0 [0x00B69978+1808760]
	Ordinal0 [0x00B69A65+1808997]
	Ordinal0 [0x00B72A01+1845761]
	BaseThreadInitThunk [0x75CDFA29+25]
	RtlGetAppContainerNamedObjectPath [0x77457A9E+286]
	RtlGetAppContainerNamedObjectPath [0x77457A6E+238]

